
@article{8501581,
  author={Philip, Bigi Varghese and Alpcan, Tansu and Jin, Jiong and Palaniswami, Marimuthu},
  journal={IEEE Transactions on Industrial Informatics}, 
  title={Distributed Rea-Time IoT for Autonomous Vehicles}, 
  year={2019},
  volume={15},
  number={2},
  pages={1131-1140},
  doi={10.1109/TII.2018.2877217}}

@article{8457076,
  author={Hussain, Rasheed and Zeadally, Sherali},
  journal={IEEE Communications Surveys \& Tutorials}, 
  title={Autonomous Cars: Research Results, Issues, and Future Challenges}, 
  year={2019},
  volume={21},
  number={2},
  pages={1275-1313},
  doi={10.1109/COMST.2018.2869360}}

@inproceedings{9214125,
  author={Ahmad, Irfan and Pothuganti, Karunakar},
  title={2020 Third International Conference on Smart Systems and Inventive Technology (ICSSIT)}, 
  title={Design \& implementation of real time autonomous car by using image processing \& IoT}, 
  year={2020},
  volume={},
  number={},
  pages={107-113},
  doi={10.1109/ICSSIT48917.2020.9214125}}

@misc{Khayyam2020,
  author={Khayyam, Hamid and Javadi, Bahman and Jalili, Mahdi and Jazar, Reza N.},
  editor={Jazar, Reza N. and Dai, Liming},
  title={Artificial Intelligence and Internet of Things for Autonomous Vehicles},
  year={2020},
  publisher={Springer International Publishing},
  address={Cham},
  pages={39--68},
  isbn={"978-3-030-18963-1},
  doi={10.1007/978-3-030-18963-1\_2},
  url={https://doi.org/10.1007/978-3-030-18963-1\_2}
}

@book{8679433,
  author={Oh, Chang-song and Yoon, Jong-min},
  booktitle={2019 IEEE International Conference on Big Data and Smart Computing},
  title={Hardware Acceleration Technology for Deep-Learning in Autonomous Vehicles}, 
  year={2019},
  volume={},
  number={},
  pages={1-3},
  doi={10.1109/BIGCOMP.2019.8679433}
}

@article{8809661,
  author={Nanda, Ashish and Puthal, Deepak and Rodrigues, Joel J. P. C. and Kozlov, Sergei A.},
  journal={IEEE Wireless Communications}, 
  title={Internet of Autonomous Vehicles Communications Security: Overview, Issues, and Directions}, 
  year={2019},
  volume={26},
  number={4},
  pages={60-65},
  doi={10.1109/MWC.2019.1800503}
}

@misc{YOGANANDHAN20203303,
author = {A. Yoganandhan and S.D. Subhash and J. {Hebinson Jothi} and V. Mohanavel},
title = {Fundamentals and development of self-driving cars},
journal = {Materials Today: Proceedings},
volume = {33},
pages = {3303-3310},
year = {2020},
note = {International Conference on Nanotechnology: Ideas, Innovation and Industries},
isbn = {2214-7853},
doi = {https://doi.org/10.1016/j.matpr.2020.04.736},
url = {https://www.sciencedirect.com/science/article/pii/S2214785320333848},
}

